<?xml version="1.0" encoding="UTF-8"?>
<!-- Generated by org.testng.reporters.JUnitXMLReporter -->
<testsuite ignored="1" hostname="DESKTOP-6T0AJC6" failures="0" tests="1" name="sumarTotalDeCompra_04" time="0.691" errors="0" timestamp="2023-07-17T15:00:13 ART">
  <testcase classname="tests.CompraTest" name="sumarTotalDeCompra_04" time="0.513"/>
  <testcase classname="tests.CompraTest" name="agregarACarrito_03" time="0.0">
    <ignored/>
  </testcase> <!-- agregarACarrito_03 -->
</testsuite> <!-- sumarTotalDeCompra_04 -->
